# JRE version: OpenJDK Runtime Environment Microsoft-8035246 (17.0.8+7) (build 17.0.8+7-LTS)
# Java VM: OpenJDK 64-Bit Server VM Microsoft-8035246 (17.0.8+7-LTS, mixed mode, sharing, tiered, compressed oops, compressed class ptrs, g1 gc, windows-amd64)
GC Precious Log:
 CPUs: 8 total, 8 available
 Memory: 8066M
 Large Page Support: Disabled
 NUMA Support: Disabled
 Compressed Oops: Enabled (32-bit)
 Heap Region Size: 1M
 Heap Min Capacity: 8M
 Heap Initial Capacity: 128M
 Heap Max Capacity: 2G
 Pre-touch: Disabled
 Parallel Workers: 8
 Concurrent Workers: 2
 Concurrent Refinement Workers: 8
 Periodic GC: Disabled
Heap:
 garbage-first heap   total 411648K, used 321017K [0x0000000080000000, 0x0000000100000000)
  region size 1024K, 111 young (113664K), 11 survivors (11264K)
 Metaspace       used 110169K, committed 111616K, reserved 557056K
  class space    used 15388K, committed 16064K, reserved 425984K
GC Heap History (20 events):
Event: 64.567 GC heap before
{Heap before GC invocations=53 (full 0):
 garbage-first heap   total 266240K, used 207784K [0x0000000080000000, 0x0000000100000000)
  region size 1024K, 84 young (86016K), 14 survivors (14336K)
 Metaspace       used 98808K, committed 99968K, reserved 557056K
  class space    used 13819K, committed 14336K, reserved 425984K
}
Event: 64.583 GC heap after
{Heap after GC invocations=54 (full 0):
 garbage-first heap   total 266240K, used 148185K [0x0000000080000000, 0x0000000100000000)
  region size 1024K, 11 young (11264K), 11 survivors (11264K)
 Metaspace       used 98808K, committed 99968K, reserved 557056K
  class space    used 13819K, committed 14336K, reserved 425984K
}
Event: 65.411 GC heap before
{Heap before GC invocations=54 (full 0):
 garbage-first heap   total 266240K, used 209625K [0x0000000080000000, 0x0000000100000000)
  region size 1024K, 71 young (72704K), 11 survivors (11264K)
 Metaspace       used 101893K, committed 103104K, reserved 557056K
  class space    used 14279K, committed 14784K, reserved 425984K
}
Event: 65.425 GC heap after
{Heap after GC invocations=55 (full 0):
 garbage-first heap   total 266240K, used 151324K [0x0000000080000000, 0x0000000100000000)
  region size 1024K, 5 young (5120K), 5 survivors (5120K)
 Metaspace       used 101893K, committed 103104K, reserved 557056K
  class space    used 14279K, committed 14784K, reserved 425984K
}
Event: 66.274 GC heap before
{Heap before GC invocations=55 (full 0):
 garbage-first heap   total 266240K, used 213788K [0x0000000080000000, 0x0000000100000000)
  region size 1024K, 66 young (67584K), 5 survivors (5120K)
 Metaspace       used 102410K, committed 103680K, reserved 557056K
  class space    used 14346K, committed 14912K, reserved 425984K
}
Event: 66.291 GC heap after
{Heap after GC invocations=56 (full 0):
 garbage-first heap   total 266240K, used 161203K [0x0000000080000000, 0x0000000100000000)
  region size 1024K, 9 young (9216K), 9 survivors (9216K)
 Metaspace       used 102410K, committed 103680K, reserved 557056K
  class space    used 14346K, committed 14912K, reserved 425984K
}
Event: 67.415 GC heap before
{Heap before GC invocations=56 (full 0):
 garbage-first heap   total 266240K, used 216499K [0x0000000080000000, 0x0000000100000000)
  region size 1024K, 62 young (63488K), 9 survivors (9216K)
 Metaspace       used 102708K, committed 103936K, reserved 557056K
  class space    used 14382K, committed 14912K, reserved 425984K
}
Event: 67.439 GC heap after
{Heap after GC invocations=57 (full 0):
 garbage-first heap   total 266240K, used 171008K [0x0000000080000000, 0x0000000100000000)
  region size 1024K, 8 young (8192K), 8 survivors (8192K)
 Metaspace       used 102708K, committed 103936K, reserved 557056K
  class space    used 14382K, committed 14912K, reserved 425984K
}
Event: 68.950 GC heap before
{Heap before GC invocations=57 (full 0):
 garbage-first heap   total 266240K, used 218112K [0x0000000080000000, 0x0000000100000000)
  region size 1024K, 54 young (55296K), 8 survivors (8192K)
 Metaspace       used 103149K, committed 104448K, reserved 557056K
  class space    used 14436K, committed 15040K, reserved 425984K
}
Event: 68.970 GC heap after
{Heap after GC invocations=58 (full 0):
 garbage-first heap   total 266240K, used 183181K [0x0000000080000000, 0x0000000100000000)
  region size 1024K, 7 young (7168K), 7 survivors (7168K)
 Metaspace       used 103149K, committed 104448K, reserved 557056K
  class space    used 14436K, committed 15040K, reserved 425984K
}
Event: 69.892 GC heap before
{Heap before GC invocations=58 (full 0):
 garbage-first heap   total 266240K, used 222093K [0x0000000080000000, 0x0000000100000000)
  region size 1024K, 43 young (44032K), 7 survivors (7168K)
 Metaspace       used 104226K, committed 105536K, reserved 557056K
  class space    used 14596K, committed 15168K, reserved 425984K
}
Event: 69.913 GC heap after
{Heap after GC invocations=59 (full 0):
 garbage-first heap   total 266240K, used 192296K [0x0000000080000000, 0x0000000100000000)
  region size 1024K, 6 young (6144K), 6 survivors (6144K)
 Metaspace       used 104226K, committed 105536K, reserved 557056K
  class space    used 14596K, committed 15168K, reserved 425984K
}
Event: 70.694 GC heap before
{Heap before GC invocations=60 (full 0):
 garbage-first heap   total 343040K, used 218920K [0x0000000080000000, 0x0000000100000000)
  region size 1024K, 32 young (32768K), 6 survivors (6144K)
 Metaspace       used 106515K, committed 107904K, reserved 557056K
  class space    used 14943K, committed 15552K, reserved 425984K
}
Event: 70.705 GC heap after
{Heap after GC invocations=61 (full 0):
 garbage-first heap   total 343040K, used 194145K [0x0000000080000000, 0x0000000100000000)
  region size 1024K, 2 young (2048K), 2 survivors (2048K)
 Metaspace       used 106515K, committed 107904K, reserved 557056K
  class space    used 14943K, committed 15552K, reserved 425984K
}
Event: 71.101 GC heap before
{Heap before GC invocations=61 (full 0):
 garbage-first heap   total 343040K, used 208481K [0x0000000080000000, 0x0000000100000000)
  region size 1024K, 16 young (16384K), 2 survivors (2048K)
 Metaspace       used 107346K, committed 108736K, reserved 557056K
  class space    used 15049K, committed 15680K, reserved 425984K
}
Event: 71.116 GC heap after
{Heap after GC invocations=62 (full 0):
 garbage-first heap   total 343040K, used 194962K [0x0000000080000000, 0x0000000100000000)
  region size 1024K, 2 young (2048K), 2 survivors (2048K)
 Metaspace       used 107346K, committed 108736K, reserved 557056K
  class space    used 15049K, committed 15680K, reserved 425984K
}
Event: 72.752 GC heap before
{Heap before GC invocations=62 (full 0):
 garbage-first heap   total 343040K, used 276882K [0x0000000080000000, 0x0000000100000000)
  region size 1024K, 82 young (83968K), 2 survivors (2048K)
 Metaspace       used 108331K, committed 109696K, reserved 557056K
  class space    used 15126K, committed 15744K, reserved 425984K
}
Event: 72.776 GC heap after
{Heap after GC invocations=63 (full 0):
 garbage-first heap   total 411648K, used 205969K [0x0000000080000000, 0x0000000100000000)
  region size 1024K, 11 young (11264K), 11 survivors (11264K)
 Metaspace       used 108331K, committed 109696K, reserved 557056K
  class space    used 15126K, committed 15744K, reserved 425984K
}
Event: 74.682 GC heap before
{Heap before GC invocations=63 (full 0):
 garbage-first heap   total 411648K, used 324753K [0x0000000080000000, 0x0000000100000000)
  region size 1024K, 128 young (131072K), 11 survivors (11264K)
 Metaspace       used 109749K, committed 111168K, reserved 557056K
  class space    used 15335K, committed 16000K, reserved 425984K
}
Event: 74.713 GC heap after
{Heap after GC invocations=64 (full 0):
 garbage-first heap   total 411648K, used 216569K [0x0000000080000000, 0x0000000100000000)
  region size 1024K, 11 young (11264K), 11 survivors (11264K)
 Metaspace       used 109749K, committed 111168K, reserved 557056K
  class space    used 15335K, committed 16000K, reserved 425984K
}

