# JRE version: OpenJDK Runtime Environment Microsoft-8035246 (17.0.8+7) (build 17.0.8+7-LTS)
# Java VM: OpenJDK 64-Bit Server VM Microsoft-8035246 (17.0.8+7-LTS, mixed mode, sharing, tiered, compressed oops, compressed class ptrs, g1 gc, windows-amd64)
GC Precious Log:
 CPUs: 8 total, 8 available
 Memory: 8066M
 Large Page Support: Disabled
 NUMA Support: Disabled
 Compressed Oops: Enabled (32-bit)
 Heap Region Size: 1M
 Heap Min Capacity: 8M
 Heap Initial Capacity: 128M
 Heap Max Capacity: 2G
 Pre-touch: Disabled
 Parallel Workers: 8
 Concurrent Workers: 2
 Concurrent Refinement Workers: 8
 Periodic GC: Disabled
Heap:
 garbage-first heap   total 327680K, used 251920K [0x0000000080000000, 0x0000000100000000)
  region size 1024K, 39 young (39936K), 7 survivors (7168K)
 Metaspace       used 104911K, committed 106304K, reserved 557056K
  class space    used 14729K, committed 15360K, reserved 425984K
GC Heap History (20 events):
Event: 46.111 GC heap before
{Heap before GC invocations=57 (full 0):
 garbage-first heap   total 272384K, used 223248K [0x0000000080000000, 0x0000000100000000)
  region size 1024K, 49 young (50176K), 8 survivors (8192K)
 Metaspace       used 99126K, committed 100352K, reserved 557056K
  class space    used 13944K, committed 14528K, reserved 425984K
}
Event: 46.125 GC heap after
{Heap after GC invocations=58 (full 0):
 garbage-first heap   total 272384K, used 190496K [0x0000000080000000, 0x0000000100000000)
  region size 1024K, 7 young (7168K), 7 survivors (7168K)
 Metaspace       used 99126K, committed 100352K, reserved 557056K
  class space    used 13944K, committed 14528K, reserved 425984K
}
Event: 46.774 GC heap before
{Heap before GC invocations=58 (full 0):
 garbage-first heap   total 272384K, used 225312K [0x0000000080000000, 0x0000000100000000)
  region size 1024K, 41 young (41984K), 7 survivors (7168K)
 Metaspace       used 102030K, committed 103360K, reserved 557056K
  class space    used 14378K, committed 14976K, reserved 425984K
}
Event: 46.784 GC heap after
{Heap after GC invocations=59 (full 0):
 garbage-first heap   total 272384K, used 193260K [0x0000000080000000, 0x0000000100000000)
  region size 1024K, 3 young (3072K), 3 survivors (3072K)
 Metaspace       used 102030K, committed 103360K, reserved 557056K
  class space    used 14378K, committed 14976K, reserved 425984K
}
Event: 47.554 GC heap before
{Heap before GC invocations=59 (full 0):
 garbage-first heap   total 272384K, used 228076K [0x0000000080000000, 0x0000000100000000)
  region size 1024K, 37 young (37888K), 3 survivors (3072K)
 Metaspace       used 102755K, committed 104064K, reserved 557056K
  class space    used 14451K, committed 15040K, reserved 425984K
}
Event: 47.568 GC heap after
{Heap after GC invocations=60 (full 0):
 garbage-first heap   total 272384K, used 200072K [0x0000000080000000, 0x0000000100000000)
  region size 1024K, 5 young (5120K), 5 survivors (5120K)
 Metaspace       used 102755K, committed 104064K, reserved 557056K
  class space    used 14451K, committed 15040K, reserved 425984K
}
Event: 47.986 GC heap before
{Heap before GC invocations=60 (full 0):
 garbage-first heap   total 272384K, used 229768K [0x0000000080000000, 0x0000000100000000)
  region size 1024K, 34 young (34816K), 5 survivors (5120K)
 Metaspace       used 103032K, committed 104384K, reserved 557056K
  class space    used 14467K, committed 15104K, reserved 425984K
}
Event: 47.997 GC heap after
{Heap after GC invocations=61 (full 0):
 garbage-first heap   total 272384K, used 203840K [0x0000000080000000, 0x0000000100000000)
  region size 1024K, 4 young (4096K), 4 survivors (4096K)
 Metaspace       used 103032K, committed 104384K, reserved 557056K
  class space    used 14467K, committed 15104K, reserved 425984K
}
Event: 48.370 GC heap before
{Heap before GC invocations=61 (full 0):
 garbage-first heap   total 272384K, used 231488K [0x0000000080000000, 0x0000000100000000)
  region size 1024K, 31 young (31744K), 4 survivors (4096K)
 Metaspace       used 103146K, committed 104448K, reserved 557056K
  class space    used 14468K, committed 15104K, reserved 425984K
}
Event: 48.377 GC heap after
{Heap after GC invocations=62 (full 0):
 garbage-first heap   total 272384K, used 206396K [0x0000000080000000, 0x0000000100000000)
  region size 1024K, 3 young (3072K), 3 survivors (3072K)
 Metaspace       used 103146K, committed 104448K, reserved 557056K
  class space    used 14468K, committed 15104K, reserved 425984K
}
Event: 48.685 GC heap before
{Heap before GC invocations=62 (full 0):
 garbage-first heap   total 272384K, used 233020K [0x0000000080000000, 0x0000000100000000)
  region size 1024K, 29 young (29696K), 3 survivors (3072K)
 Metaspace       used 103264K, committed 104576K, reserved 557056K
  class space    used 14475K, committed 15104K, reserved 425984K
}
Event: 48.690 GC heap after
{Heap after GC invocations=63 (full 0):
 garbage-first heap   total 272384K, used 209029K [0x0000000080000000, 0x0000000100000000)
  region size 1024K, 3 young (3072K), 3 survivors (3072K)
 Metaspace       used 103264K, committed 104576K, reserved 557056K
  class space    used 14475K, committed 15104K, reserved 425984K
}
Event: 48.983 GC heap before
{Heap before GC invocations=63 (full 0):
 garbage-first heap   total 272384K, used 234629K [0x0000000080000000, 0x0000000100000000)
  region size 1024K, 28 young (28672K), 3 survivors (3072K)
 Metaspace       used 103489K, committed 104768K, reserved 557056K
  class space    used 14502K, committed 15104K, reserved 425984K
}
Event: 48.991 GC heap after
{Heap after GC invocations=64 (full 0):
 garbage-first heap   total 272384K, used 212527K [0x0000000080000000, 0x0000000100000000)
  region size 1024K, 4 young (4096K), 4 survivors (4096K)
 Metaspace       used 103489K, committed 104768K, reserved 557056K
  class space    used 14502K, committed 15104K, reserved 425984K
}
Event: 49.322 GC heap before
{Heap before GC invocations=64 (full 0):
 garbage-first heap   total 272384K, used 233007K [0x0000000080000000, 0x0000000100000000)
  region size 1024K, 25 young (25600K), 4 survivors (4096K)
 Metaspace       used 104217K, committed 105600K, reserved 557056K
  class space    used 14668K, committed 15296K, reserved 425984K
}
Event: 49.330 GC heap after
{Heap after GC invocations=65 (full 0):
 garbage-first heap   total 272384K, used 214827K [0x0000000080000000, 0x0000000100000000)
  region size 1024K, 3 young (3072K), 3 survivors (3072K)
 Metaspace       used 104217K, committed 105600K, reserved 557056K
  class space    used 14668K, committed 15296K, reserved 425984K
}
Event: 49.560 GC heap before
{Heap before GC invocations=65 (full 0):
 garbage-first heap   total 272384K, used 234283K [0x0000000080000000, 0x0000000100000000)
  region size 1024K, 23 young (23552K), 3 survivors (3072K)
 Metaspace       used 104387K, committed 105728K, reserved 557056K
  class space    used 14677K, committed 15296K, reserved 425984K
}
Event: 49.566 GC heap after
{Heap after GC invocations=66 (full 0):
 garbage-first heap   total 327680K, used 215639K [0x0000000080000000, 0x0000000100000000)
  region size 1024K, 1 young (1024K), 1 survivors (1024K)
 Metaspace       used 104387K, committed 105728K, reserved 557056K
  class space    used 14677K, committed 15296K, reserved 425984K
}
Event: 51.865 GC heap before
{Heap before GC invocations=66 (full 0):
 garbage-first heap   total 327680K, used 272983K [0x0000000080000000, 0x0000000100000000)
  region size 1024K, 58 young (59392K), 1 survivors (1024K)
 Metaspace       used 104891K, committed 106304K, reserved 557056K
  class space    used 14729K, committed 15360K, reserved 425984K
}
Event: 51.872 GC heap after
{Heap after GC invocations=67 (full 0):
 garbage-first heap   total 327680K, used 221200K [0x0000000080000000, 0x0000000100000000)
  region size 1024K, 7 young (7168K), 7 survivors (7168K)
 Metaspace       used 104891K, committed 106304K, reserved 557056K
  class space    used 14729K, committed 15360K, reserved 425984K
}

